#
# There is insufficient memory for the Java Runtime Environment to continue.
# Native memory allocation (mmap) failed to map 266338304 bytes for Failed to commit area from 0x0000000702000000 to 0x0000000711e00000 of length 266338304.
# Possible reasons:
#   The system is out of physical RAM or swap space
#   The process is running with CompressedOops enabled, and the Java Heap may be blocking the growth of the native heap
# Possible solutions:
#   Reduce memory load on the system
#   Increase physical memory or swap space
#   Check if swap backing store is full
#   Decrease Java heap size (-Xmx/-Xms)
#   Decrease number of Java threads
#   Decrease Java thread stack sizes (-Xss)
#   Set larger code cache with -XX:ReservedCodeCacheSize=
# This output file may be truncated or incomplete.
#
#  Out of Memory Error (./src/hotspot/os/windows/os_windows.cpp:3303), pid=11084, tid=20196
#
# JRE version:  (11.0.7+10) (build )
# Java VM: OpenJDK 64-Bit Server VM (11.0.7+10-b765.53, mixed mode, sharing, tiered, compressed oops, g1 gc, windows-amd64)
# No core dump will be written. Minidumps are not enabled by default on client versions of Windows
#

---------------  S U M M A R Y ------------

Command Line: org.jetbrains.git4idea.http.GitAskPassApp Username for 'https://github.com': 

Host: Intel(R) Core(TM) i5-7300HQ CPU @ 2.50GHz, 4 cores, 15G,  Windows 10 , 64 bit Build 18362 (10.0.18362.959)
Time: Sun Aug  2 21:57:49 2020 Eastern Daylight Time elapsed time: 0 seconds (0d 0h 0m 0s)

---------------  T H R E A D  ---------------

Current thread (0x000001fd2043d800):  JavaThread "Unknown thread" [_thread_in_vm, id=20196, stack(0x0000007973900000,0x0000007973a00000)]

Stack: [0x0000007973900000,0x0000007973a00000]
Native frames: (J=compiled Java code, j=interpreted, Vv=VM code, C=native code)
V  [jvm.dll+0x5dda4a]
V  [jvm.dll+0x711595]
V  [jvm.dll+0x712aed]
V  [jvm.dll+0x7131a3]
V  [jvm.dll+0x23e368]
V  [jvm.dll+0x5daf04]
V  [jvm.dll+0x5d0085]
V  [jvm.dll+0x2fb0cb]
V  [jvm.dll+0x2fb03a]
V  [jvm.dll+0x2faf12]
V  [jvm.dll+0x2ffdf6]
V  [jvm.dll+0x348393]
V  [jvm.dll+0x348a96]
V  [jvm.dll+0x348493]
V  [jvm.dll+0x2d59e8]
V  [jvm.dll+0x2d6b87]
V  [jvm.dll+0x6f04e7]
V  [jvm.dll+0x6f1cdc]
V  [jvm.dll+0x355909]
V  [jvm.dll+0x6d42ae]
V  [jvm.dll+0x3bda13]
V  [jvm.dll+0x3bfc51]
C  [jli.dll+0x5363]
C  [ucrtbase.dll+0x20e82]
C  [KERNEL32.DLL+0x17bd4]
C  [ntdll.dll+0x6ce51]


---------------  P R O C E S S  ---------------

Threads class SMR info:
_java_thread_list=0x000001fd1e277370, length=0, elements={
}

Java Threads: ( => current thread )

Other Threads:
  0x000001fd20457800 GCTaskThread "GC Thread#0" [stack: 0x0000007973a00000,0x0000007973b00000] [id=15520]
  0x000001fd204b6000 ConcurrentGCThread "G1 Main Marker" [stack: 0x0000007973b00000,0x0000007973c00000] [id=11344]
  0x000001fd204b7800 ConcurrentGCThread "G1 Conc#0" [stack: 0x0000007973c00000,0x0000007973d00000] [id=8596]

[error occurred during error reporting (printing all threads), id 0xc0000005, EXCEPTION_ACCESS_VIOLATION (0xc0000005) at pc=0x00007ff9306f5fc7]

VM state:not at safepoint (not fully initialized)

VM Mutex/Monitor currently owned by a thread:  ([mutex/lock_event])
[0x000001fd20438500] Heap_lock - owner thread: 0x000001fd2043d800

Heap address: 0x0000000702000000, size: 4064 MB, Compressed Oops mode: Non-zero based: 0x0000000702000000
Narrow klass base: 0x0000000000000000, Narrow klass shift: 0

GC Heap History (0 events):
No events

Deoptimization events (0 events):
No events

Classes redefined (0 events):
No events

Internal exceptions (0 events):
No events

Events (2 events):
Event: 0.111 Loaded shared library Z:\tool\IntelliJ IDEA Community Edition 2020.1.2\jbr\bin\zip.dll
Event: 0.128 Loaded shared library Z:\tool\IntelliJ IDEA Community Edition 2020.1.2\jbr\bin\jimage.dll


Dynamic libraries:
0x00007ff73d500000 - 0x00007ff73d50a000 	Z:\tool\IntelliJ IDEA Community Edition 2020.1.2\jbr\bin\java.exe
0x00007ff9a6740000 - 0x00007ff9a6930000 	C:\WINDOWS\SYSTEM32\ntdll.dll
0x00007ff9a5f30000 - 0x00007ff9a5fe2000 	C:\WINDOWS\System32\KERNEL32.DLL
0x00007ff9a36c0000 - 0x00007ff9a3964000 	C:\WINDOWS\System32\KERNELBASE.dll
0x00007ff9a3bd0000 - 0x00007ff9a3cca000 	C:\WINDOWS\System32\ucrtbase.dll
0x00007ff9834a0000 - 0x00007ff9834b7000 	Z:\tool\IntelliJ IDEA Community Edition 2020.1.2\jbr\bin\VCRUNTIME140.dll
0x00007ff989790000 - 0x00007ff9897a9000 	Z:\tool\IntelliJ IDEA Community Edition 2020.1.2\jbr\bin\jli.dll
0x00007ff9a5ff0000 - 0x00007ff9a6184000 	C:\WINDOWS\System32\USER32.dll
0x00007ff9a3ba0000 - 0x00007ff9a3bc1000 	C:\WINDOWS\System32\win32u.dll
0x00007ff9a4e90000 - 0x00007ff9a4eb6000 	C:\WINDOWS\System32\GDI32.dll
0x00007ff9a44e0000 - 0x00007ff9a4676000 	C:\WINDOWS\System32\gdi32full.dll
0x00007ff9a4750000 - 0x00007ff9a47ee000 	C:\WINDOWS\System32\msvcp_win.dll
0x00007ff9957d0000 - 0x00007ff995a54000 	C:\WINDOWS\WinSxS\amd64_microsoft.windows.common-controls_6595b64144ccf1df_6.0.18362.959_none_e6c7bbbf130c62bb\COMCTL32.dll
0x00007ff9a47f0000 - 0x00007ff9a488e000 	C:\WINDOWS\System32\msvcrt.dll
0x00007ff9a63a0000 - 0x00007ff9a66d5000 	C:\WINDOWS\System32\combase.dll
0x00007ff9a5c30000 - 0x00007ff9a5d50000 	C:\WINDOWS\System32\RPCRT4.dll
0x00007ff9a4460000 - 0x00007ff9a44e0000 	C:\WINDOWS\System32\bcryptPrimitives.dll
0x00007ff9a5f00000 - 0x00007ff9a5f2e000 	C:\WINDOWS\System32\IMM32.DLL
0x00007ff97c420000 - 0x00007ff97c4bd000 	Z:\tool\IntelliJ IDEA Community Edition 2020.1.2\jbr\bin\msvcp140.dll
0x00007ff930410000 - 0x00007ff930ecb000 	Z:\tool\IntelliJ IDEA Community Edition 2020.1.2\jbr\bin\server\jvm.dll
0x00007ff9a5680000 - 0x00007ff9a5723000 	C:\WINDOWS\System32\ADVAPI32.dll
0x00007ff9a4aa0000 - 0x00007ff9a4b37000 	C:\WINDOWS\System32\sechost.dll
0x00007ff9a5ef0000 - 0x00007ff9a5ef8000 	C:\WINDOWS\System32\PSAPI.DLL
0x00007ff992240000 - 0x00007ff992249000 	C:\WINDOWS\SYSTEM32\WSOCK32.dll
0x00007ff99bea0000 - 0x00007ff99beaa000 	C:\WINDOWS\SYSTEM32\VERSION.dll
0x00007ff99f6a0000 - 0x00007ff99f6c4000 	C:\WINDOWS\SYSTEM32\WINMM.dll
0x00007ff9a4e20000 - 0x00007ff9a4e8f000 	C:\WINDOWS\System32\WS2_32.dll
0x00007ff99f670000 - 0x00007ff99f69d000 	C:\WINDOWS\SYSTEM32\winmmbase.dll
0x00007ff9a3b50000 - 0x00007ff9a3b9a000 	C:\WINDOWS\System32\cfgmgr32.dll
0x00007ff9a36a0000 - 0x00007ff9a36b1000 	C:\WINDOWS\System32\kernel.appcore.dll
0x00007ff98b770000 - 0x00007ff98b781000 	Z:\tool\IntelliJ IDEA Community Edition 2020.1.2\jbr\bin\verify.dll
0x00007ff9a1f00000 - 0x00007ff9a20f4000 	C:\WINDOWS\SYSTEM32\DBGHELP.DLL
0x00007ff991880000 - 0x00007ff9918aa000 	C:\WINDOWS\SYSTEM32\dbgcore.DLL
0x00007ff98b540000 - 0x00007ff98b569000 	Z:\tool\IntelliJ IDEA Community Edition 2020.1.2\jbr\bin\java.dll
0x00007ff989eb0000 - 0x00007ff989ec8000 	Z:\tool\IntelliJ IDEA Community Edition 2020.1.2\jbr\bin\zip.dll
0x00007ff99ed80000 - 0x00007ff99ed8b000 	Z:\tool\IntelliJ IDEA Community Edition 2020.1.2\jbr\bin\jimage.dll

dbghelp: loaded successfully - version: 4.0.5 - missing functions: none
symbol engine: initialized successfully - sym options: 0x614 - pdb path: .;Z:\tool\IntelliJ IDEA Community Edition 2020.1.2\jbr\bin;C:\WINDOWS\SYSTEM32;C:\WINDOWS\WinSxS\amd64_microsoft.windows.common-controls_6595b64144ccf1df_6.0.18362.959_none_e6c7bbbf130c62bb;Z:\tool\IntelliJ IDEA Community Edition 2020.1.2\jbr\bin\server

VM Arguments:
java_command: org.jetbrains.git4idea.http.GitAskPassApp Username for 'https://github.com': 
java_class_path (initial): Z:/tool/IntelliJ IDEA Community Edition 2020.1.2/plugins/git4idea/lib/git4idea-rt.jar;Z:/tool/IntelliJ IDEA Community Edition 2020.1.2/lib/xmlrpc-2.0.1.jar;Z:/tool/IntelliJ IDEA Community Edition 2020.1.2/lib/commons-codec-1.14.jar;Z:/tool/IntelliJ IDEA Community Edition 2020.1.2/lib/util.jar
Launcher Type: SUN_STANDARD

[Global flags]
     intx CICompilerCount                          = 3                                         {product} {ergonomic}
     uint ConcGCThreads                            = 1                                         {product} {ergonomic}
     uint G1ConcRefinementThreads                  = 4                                         {product} {ergonomic}
   size_t G1HeapRegionSize                         = 1048576                                   {product} {ergonomic}
    uintx GCDrainStackTargetSize                   = 64                                        {product} {ergonomic}
   size_t InitialHeapSize                          = 266338304                                 {product} {ergonomic}
   size_t MarkStackSize                            = 4194304                                   {product} {ergonomic}
   size_t MaxHeapSize                              = 4261412864                                {product} {ergonomic}
   size_t MinHeapDeltaBytes                        = 1048576                                   {product} {ergonomic}
    uintx NonNMethodCodeHeapSize                   = 5830732                                {pd product} {ergonomic}
    uintx NonProfiledCodeHeapSize                  = 122913754                              {pd product} {ergonomic}
    uintx ProfiledCodeHeapSize                     = 122913754                              {pd product} {ergonomic}
    uintx ReservedCodeCacheSize                    = 251658240                              {pd product} {ergonomic}
     bool SegmentedCodeCache                       = true                                      {product} {ergonomic}
     bool UseCompressedClassPointers               = true                                 {lp64_product} {ergonomic}
     bool UseCompressedOops                        = true                                 {lp64_product} {ergonomic}
     bool UseG1GC                                  = true                                      {product} {ergonomic}
     bool UseLargePagesIndividualAllocation        = false                                  {pd product} {ergonomic}

Logging:
Log output configuration:
 #0: stdout all=warning uptime,level,tags
 #1: stderr all=off uptime,level,tags

Environment Variables:
JAVA_HOME=R:\Programming\jdk1.8.0_151
CLASSPATH=.;R:\Programming\jdk1.8.0_151\lib\dt.jar;R:\Programming\jdk1.8.0_151\lib\tools.jar;
PATH=Y:/hw/3296/Git/mingw64/libexec/git-core;Y:/hw/3296/Git/mingw64/libexec/git-core;Y:\hw\3296\Git\mingw64\bin;Y:\hw\3296\Git\usr\bin;C:\Users\Junxiang Wen\bin;C:\Python38\Scripts\;C:\Python38\;Y:\hw\apache-maven-3.6.3\bin;Y:\Oculus\Support\oculus-runtime;R:\Python\Scripts\;R:\Python\;C:\Program Files (x86)\Intel\iCLS Client\;C:\Program Files\Intel\iCLS Client\;C:\ProgramData\Oracle\Java\javapath;R:\Programming\jdk1.8.0_151\bin;R:\Programming\jdk1.8.0_151\jre\bin;C:\WINDOWS\system32;C:\WINDOWS;C:\WINDOWS\System32\Wbem;C:\WINDOWS\System32\WindowsPowerShell\v1.0\;C:\WINDOWS\System32\OpenSSH\;C:\Program Files (x86)\Intel\Intel(R) Management Engine Components\DAL;C:\Program Files\Intel\Intel(R) Management Engine Components\DAL;C:\Program Files (x86)\Intel\Intel(R) Management Engine Components\IPT;C:\Program Files\Intel\Intel(R) Management Engine Components\IPT;C:\Program Files\Intel\WiFi\bin\;C:\Program Files\Common Files\Intel\WirelessCommon\;Y:\hw\2017\putty\;Y:\hw\3296\Git\cmd;R:\Python\python3.exe;C:\Program Files\dotnet\;C:\ProgramData\chocolatey\bin;Z:\tool\node.js\;C:\Program Files\MySQL\MySQL Server 8.0\bin;R:\Programming\jdk1.8.0_151\bin;Y:\Microsoft VS Code\bin;C:\Program Files (x86)\Nmap;C:\Users\Junxiang Wen\.dotnet\tools;Y:\hw\apache-maven-3.6.3\bin;C:\Users\Junxiang Wen\AppData\Roaming\npm
USERNAME=Junxiang Wen
DISPLAY=:0.0
OS=Windows_NT
PROCESSOR_IDENTIFIER=Intel64 Family 6 Model 158 Stepping 9, GenuineIntel



---------------  S Y S T E M  ---------------

OS: Windows 10 , 64 bit Build 18362 (10.0.18362.959)
OS uptime: 6 days 5:01 hours

CPU:total 4 (initial active 4) (4 cores per cpu, 1 threads per core) family 6 model 158 stepping 9, cmov, cx8, fxsr, mmx, sse, sse2, sse3, ssse3, sse4.1, sse4.2, popcnt, avx, avx2, aes, clmul, erms, 3dnowpref, lzcnt, tsc, tscinvbit, bmi1, bmi2, adx, fma

Memory: 4k page, system-wide physical 16249M (939M free)
TotalPageFile size 25977M (AvailPageFile size 56M)
current process WorkingSet (physical memory assigned to process): 10M, peak: 10M
current process commit charge ("private bytes"): 52M, peak: 306M

vm_info: OpenJDK 64-Bit Server VM (11.0.7+10-b765.53) for windows-amd64 JRE (11.0.7+10-b765.53), built on May 12 2020 04:38:25 by "" with MS VC++ 14.0 (VS2015)

END.
