#
# There is insufficient memory for the Java Runtime Environment to continue.
# Native memory allocation (malloc) failed to allocate 65552 bytes for Chunk::new
# Possible reasons:
#   The system is out of physical RAM or swap space
#   In 32 bit mode, the process size limit was hit
# Possible solutions:
#   Reduce memory load on the system
#   Increase physical memory or swap space
#   Check if swap backing store is full
#   Use 64 bit Java on a 64 bit OS
#   Decrease Java heap size (-Xmx/-Xms)
#   Decrease number of Java threads
#   Decrease Java thread stack sizes (-Xss)
#   Set larger code cache with -XX:ReservedCodeCacheSize=
# This output file may be truncated or incomplete.
#
#  Out of Memory Error (allocation.cpp:390), pid=5596, tid=0x0000000000000430
#
# JRE version: Java(TM) SE Runtime Environment (8.0_151-b12) (build 1.8.0_151-b12)
# Java VM: Java HotSpot(TM) 64-Bit Server VM (25.151-b12 mixed mode windows-amd64 compressed oops)
# Failed to write core dump. Minidumps are not enabled by default on client versions of Windows
#

---------------  T H R E A D  ---------------

Current thread (0x000000001e887800):  JavaThread "C2 CompilerThread1" daemon [_thread_in_native, id=1072, stack(0x000000001ee60000,0x000000001ef60000)]

Stack: [0x000000001ee60000,0x000000001ef60000]
[error occurred during error reporting (printing stack bounds), id 0xc0000005]

Native frames: (J=compiled Java code, j=interpreted, Vv=VM code, C=native code)


Current CompileTask:
C2:  14065 3184       4       org.springframework.util.StringUtils::cleanPath (293 bytes)


---------------  P R O C E S S  ---------------

Java Threads: ( => current thread )
  0x000000001fa37000 JavaThread "Keep-Alive-Timer" daemon [_thread_blocked, id=22880, stack(0x0000000023850000,0x0000000023950000)]
  0x000000001fa35800 JavaThread "com.alibaba.nacos.client.Worker.fixed-localhost_8848" daemon [_thread_blocked, id=9776, stack(0x0000000022780000,0x0000000022880000)]
  0x000000001fa3c000 JavaThread "com.alibaba.nacos.client.config.security.updater" daemon [_thread_blocked, id=11116, stack(0x0000000022680000,0x0000000022780000)]
  0x000000001fa3a800 JavaThread "Timer-0" daemon [_thread_blocked, id=10480, stack(0x0000000020c70000,0x0000000020d70000)]
  0x000000001e8f9800 JavaThread "Service Thread" daemon [_thread_blocked, id=7484, stack(0x000000001f060000,0x000000001f160000)]
  0x000000001e8e6800 JavaThread "C1 CompilerThread2" daemon [_thread_blocked, id=4516, stack(0x000000001ef60000,0x000000001f060000)]
=>0x000000001e887800 JavaThread "C2 CompilerThread1" daemon [_thread_in_native, id=1072, stack(0x000000001ee60000,0x000000001ef60000)]
  0x000000001e840000 JavaThread "C2 CompilerThread0" daemon [_thread_in_native, id=19796, stack(0x000000001ed60000,0x000000001ee60000)]
  0x000000001e826000 JavaThread "Monitor Ctrl-Break" daemon [_thread_in_native, id=19632, stack(0x000000001ec60000,0x000000001ed60000)]
  0x000000001c9f8800 JavaThread "Attach Listener" daemon [_thread_blocked, id=5712, stack(0x000000001df60000,0x000000001e060000)]
  0x000000001c9f7000 JavaThread "Signal Dispatcher" daemon [_thread_blocked, id=12472, stack(0x000000001de60000,0x000000001df60000)]
  0x00000000032dd800 JavaThread "Finalizer" daemon [_thread_blocked, id=1492, stack(0x000000001dc60000,0x000000001dd60000)]
  0x000000001c9b9000 JavaThread "Reference Handler" daemon [_thread_blocked, id=11716, stack(0x000000001db60000,0x000000001dc60000)]
  0x00000000031eb000 JavaThread "main" [_thread_in_native, id=5392, stack(0x0000000003090000,0x0000000003190000)]

Other Threads:
  0x000000001c9b7800 VMThread [stack: 0x000000001da60000,0x000000001db60000] [id=12492]
  0x000000001e9ac000 WatcherThread [stack: 0x000000001f160000,0x000000001f260000] [id=15464]

VM state:not at safepoint (normal execution)

VM Mutex/Monitor currently owned by a thread: None

Heap:
 PSYoungGen      total 215552K, used 102933K [0x000000076b580000, 0x000000077c800000, 0x00000007c0000000)
  eden space 205312K, 45% used [0x000000076b580000,0x0000000771077d48,0x0000000777e00000)
  from space 10240K, 95% used [0x000000077be00000,0x000000077c78d908,0x000000077c800000)
  to   space 10752K, 0% used [0x000000077b300000,0x000000077b300000,0x000000077bd80000)
 ParOldGen       total 97280K, used 7899K [0x00000006c2000000, 0x00000006c7f00000, 0x000000076b580000)
  object space 97280K, 8% used [0x00000006c2000000,0x00000006c27b6c48,0x00000006c7f00000)
 Metaspace       used 29785K, capacity 30778K, committed 30976K, reserved 1077248K
  class space    used 3825K, capacity 4068K, committed 4096K, reserved 1048576K

Card table byte_map: [0x00000000127c0000,0x0000000012fc0000] byte_map_base: 0x000000000f1b0000

Marking Bits: (ParMarkBitMap*) 0x000000007788d850
 Begin Bits: [0x0000000013910000, 0x0000000017890000)
 End Bits:   [0x0000000017890000, 0x000000001b810000)

Polling page: 0x0000000003030000

CodeCache: size=245760Kb used=10658Kb max_used=10658Kb free=235101Kb
 bounds [0x0000000003400000, 0x0000000003e70000, 0x0000000012400000]
 total_blobs=3578 nmethods=3173 adapters=317
 compilation: enabled

Compilation events (10 events):
Event: 14.050 Thread 0x000000001e8e6800 3192       3       org.springframework.boot.autoconfigure.condition.ConditionMessage$Builder::<init> (7 bytes)
Event: 14.050 Thread 0x000000001e8e6800 nmethod 3192 0x0000000003e64a50 code [0x0000000003e64bc0, 0x0000000003e64e10]
Event: 14.058 Thread 0x000000001e8e6800 3193       3       org.springframework.boot.autoconfigure.condition.FilteringSpringBootCondition::filter (82 bytes)
Event: 14.059 Thread 0x000000001e8e6800 nmethod 3193 0x0000000003e63210 code [0x0000000003e63460, 0x0000000003e64318]
Event: 14.059 Thread 0x000000001e8e6800 3194       3       org.springframework.core.type.filter.AbstractTypeHierarchyTraversingFilter::<init> (26 bytes)
Event: 14.059 Thread 0x000000001e8e6800 nmethod 3194 0x0000000003e62950 code [0x0000000003e62ae0, 0x0000000003e62fd8]
Event: 14.061 Thread 0x000000001e8e6800 3195       3       java.util.HashMap$EntrySet::iterator (12 bytes)
Event: 14.061 Thread 0x000000001e8e6800 nmethod 3195 0x0000000003e6e250 code [0x0000000003e6e3c0, 0x0000000003e6e628]
Event: 14.062 Thread 0x000000001e8e6800 3196       3       org.springframework.boot.autoconfigure.condition.FilteringSpringBootCondition$ClassNameFilter$2::matches (14 bytes)
Event: 14.063 Thread 0x000000001e8e6800 nmethod 3196 0x0000000003e6e710 code [0x0000000003e6e8e0, 0x0000000003e6ef18]

GC Heap History (10 events):
Event: 2.076 GC heap before
{Heap before GC invocations=1 (full 0):
 PSYoungGen      total 75776K, used 65024K [0x000000076b580000, 0x0000000770a00000, 0x00000007c0000000)
  eden space 65024K, 100% used [0x000000076b580000,0x000000076f500000,0x000000076f500000)
  from space 10752K, 0% used [0x000000076ff80000,0x000000076ff80000,0x0000000770a00000)
  to   space 10752K, 0% used [0x000000076f500000,0x000000076f500000,0x000000076ff80000)
 ParOldGen       total 173568K, used 0K [0x00000006c2000000, 0x00000006cc980000, 0x000000076b580000)
  object space 173568K, 0% used [0x00000006c2000000,0x00000006c2000000,0x00000006cc980000)
 Metaspace       used 11403K, capacity 11696K, committed 11776K, reserved 1058816K
  class space    used 1338K, capacity 1458K, committed 1536K, reserved 1048576K
Event: 2.110 GC heap after
Heap after GC invocations=1 (full 0):
 PSYoungGen      total 75776K, used 6768K [0x000000076b580000, 0x0000000774980000, 0x00000007c0000000)
  eden space 65024K, 0% used [0x000000076b580000,0x000000076b580000,0x000000076f500000)
  from space 10752K, 62% used [0x000000076f500000,0x000000076fb9c0b0,0x000000076ff80000)
  to   space 10752K, 0% used [0x0000000773f00000,0x0000000773f00000,0x0000000774980000)
 ParOldGen       total 173568K, used 16K [0x00000006c2000000, 0x00000006cc980000, 0x000000076b580000)
  object space 173568K, 0% used [0x00000006c2000000,0x00000006c2004000,0x00000006cc980000)
 Metaspace       used 11403K, capacity 11696K, committed 11776K, reserved 1058816K
  class space    used 1338K, capacity 1458K, committed 1536K, reserved 1048576K
}
Event: 3.075 GC heap before
{Heap before GC invocations=2 (full 0):
 PSYoungGen      total 75776K, used 71792K [0x000000076b580000, 0x0000000774980000, 0x00000007c0000000)
  eden space 65024K, 100% used [0x000000076b580000,0x000000076f500000,0x000000076f500000)
  from space 10752K, 62% used [0x000000076f500000,0x000000076fb9c0b0,0x000000076ff80000)
  to   space 10752K, 0% used [0x0000000773f00000,0x0000000773f00000,0x0000000774980000)
 ParOldGen       total 173568K, used 16K [0x00000006c2000000, 0x00000006cc980000, 0x000000076b580000)
  object space 173568K, 0% used [0x00000006c2000000,0x00000006c2004000,0x00000006cc980000)
 Metaspace       used 16053K, capacity 16456K, committed 16768K, reserved 1064960K
  class space    used 1972K, capacity 2097K, committed 2176K, reserved 1048576K
Event: 3.083 GC heap after
Heap after GC invocations=2 (full 0):
 PSYoungGen      total 140800K, used 7872K [0x000000076b580000, 0x0000000774980000, 0x00000007c0000000)
  eden space 130048K, 0% used [0x000000076b580000,0x000000076b580000,0x0000000773480000)
  from space 10752K, 73% used [0x0000000773f00000,0x00000007746b0398,0x0000000774980000)
  to   space 10752K, 0% used [0x0000000773480000,0x0000000773480000,0x0000000773f00000)
 ParOldGen       total 173568K, used 24K [0x00000006c2000000, 0x00000006cc980000, 0x000000076b580000)
  object space 173568K, 0% used [0x00000006c2000000,0x00000006c2006000,0x00000006cc980000)
 Metaspace       used 16053K, capacity 16456K, committed 16768K, reserved 1064960K
  class space    used 1972K, capacity 2097K, committed 2176K, reserved 1048576K
}
Event: 3.713 GC heap before
{Heap before GC invocations=3 (full 0):
 PSYoungGen      total 140800K, used 65477K [0x000000076b580000, 0x0000000774980000, 0x00000007c0000000)
  eden space 130048K, 44% used [0x000000076b580000,0x000000076edc1068,0x0000000773480000)
  from space 10752K, 73% used [0x0000000773f00000,0x00000007746b0398,0x0000000774980000)
  to   space 10752K, 0% used [0x0000000773480000,0x0000000773480000,0x0000000773f00000)
 ParOldGen       total 173568K, used 24K [0x00000006c2000000, 0x00000006cc980000, 0x000000076b580000)
  object space 173568K, 0% used [0x00000006c2000000,0x00000006c2006000,0x00000006cc980000)
 Metaspace       used 20652K, capacity 21214K, committed 21248K, reserved 1067008K
  class space    used 2643K, capacity 2786K, committed 2816K, reserved 1048576K
Event: 3.722 GC heap after
Heap after GC invocations=3 (full 0):
 PSYoungGen      total 140800K, used 8138K [0x000000076b580000, 0x000000077c880000, 0x00000007c0000000)
  eden space 130048K, 0% used [0x000000076b580000,0x000000076b580000,0x0000000773480000)
  from space 10752K, 75% used [0x0000000773480000,0x0000000773c72af8,0x0000000773f00000)
  to   space 10752K, 0% used [0x000000077be00000,0x000000077be00000,0x000000077c880000)
 ParOldGen       total 173568K, used 96K [0x00000006c2000000, 0x00000006cc980000, 0x000000076b580000)
  object space 173568K, 0% used [0x00000006c2000000,0x00000006c2018010,0x00000006cc980000)
 Metaspace       used 20652K, capacity 21214K, committed 21248K, reserved 1067008K
  class space    used 2643K, capacity 2786K, committed 2816K, reserved 1048576K
}
Event: 3.722 GC heap before
{Heap before GC invocations=4 (full 1):
 PSYoungGen      total 140800K, used 8138K [0x000000076b580000, 0x000000077c880000, 0x00000007c0000000)
  eden space 130048K, 0% used [0x000000076b580000,0x000000076b580000,0x0000000773480000)
  from space 10752K, 75% used [0x0000000773480000,0x0000000773c72af8,0x0000000773f00000)
  to   space 10752K, 0% used [0x000000077be00000,0x000000077be00000,0x000000077c880000)
 ParOldGen       total 173568K, used 96K [0x00000006c2000000, 0x00000006cc980000, 0x000000076b580000)
  object space 173568K, 0% used [0x00000006c2000000,0x00000006c2018010,0x00000006cc980000)
 Metaspace       used 20652K, capacity 21214K, committed 21248K, reserved 1067008K
  class space    used 2643K, capacity 2786K, committed 2816K, reserved 1048576K
Event: 3.749 GC heap after
Heap after GC invocations=4 (full 1):
 PSYoungGen      total 140800K, used 0K [0x000000076b580000, 0x000000077c880000, 0x00000007c0000000)
  eden space 130048K, 0% used [0x000000076b580000,0x000000076b580000,0x0000000773480000)
  from space 10752K, 0% used [0x0000000773480000,0x0000000773480000,0x0000000773f00000)
  to   space 10752K, 0% used [0x000000077be00000,0x000000077be00000,0x000000077c880000)
 ParOldGen       total 97280K, used 7891K [0x00000006c2000000, 0x00000006c7f00000, 0x000000076b580000)
  object space 97280K, 8% used [0x00000006c2000000,0x00000006c27b4c48,0x00000006c7f00000)
 Metaspace       used 20652K, capacity 21214K, committed 21248K, reserved 1067008K
  class space    used 2643K, capacity 2786K, committed 2816K, reserved 1048576K
}
Event: 12.785 GC heap before
{Heap before GC invocations=5 (full 1):
 PSYoungGen      total 140800K, used 130048K [0x000000076b580000, 0x000000077c880000, 0x00000007c0000000)
  eden space 130048K, 100% used [0x000000076b580000,0x0000000773480000,0x0000000773480000)
  from space 10752K, 0% used [0x0000000773480000,0x0000000773480000,0x0000000773f00000)
  to   space 10752K, 0% used [0x000000077be00000,0x000000077be00000,0x000000077c880000)
 ParOldGen       total 97280K, used 7891K [0x00000006c2000000, 0x00000006c7f00000, 0x000000076b580000)
  object space 97280K, 8% used [0x00000006c2000000,0x00000006c27b4c48,0x00000006c7f00000)
 Metaspace       used 27173K, capacity 28122K, committed 28416K, reserved 1073152K
  class space    used 3507K, capacity 3722K, committed 3840K, reserved 1048576K
Event: 12.798 GC heap after
Heap after GC invocations=5 (full 1):
 PSYoungGen      total 215552K, used 9782K [0x000000076b580000, 0x000000077c800000, 0x00000007c0000000)
  eden space 205312K, 0% used [0x000000076b580000,0x000000076b580000,0x0000000777e00000)
  from space 10240K, 95% used [0x000000077be00000,0x000000077c78d908,0x000000077c800000)
  to   space 10752K, 0% used [0x000000077b300000,0x000000077b300000,0x000000077bd80000)
 ParOldGen       total 97280K, used 7899K [0x00000006c2000000, 0x00000006c7f00000, 0x000000076b580000)
  object space 97280K, 8% used [0x00000006c2000000,0x00000006c27b6c48,0x00000006c7f00000)
 Metaspace       used 27173K, capacity 28122K, committed 28416K, reserved 1073152K
  class space    used 3507K, capacity 3722K, committed 3840K, reserved 1048576K
}

Deoptimization events (10 events):
Event: 12.630 Thread 0x00000000031eb000 Uncommon trap: reason=unstable_if action=reinterpret pc=0x0000000003c5f500 method=org.springframework.asm.ClassReader.readUtf(II[C)Ljava/lang/String; @ 69
Event: 12.859 Thread 0x00000000031eb000 Uncommon trap: reason=unstable_if action=reinterpret pc=0x0000000003d6dd08 method=org.springframework.asm.ClassReader.<init>([BIZ)V @ 354
Event: 12.927 Thread 0x00000000031eb000 Uncommon trap: reason=unstable_if action=reinterpret pc=0x00000000039152b4 method=java.util.Hashtable$Enumerator.nextElement()Ljava/lang/Object; @ 71
Event: 12.927 Thread 0x00000000031eb000 Uncommon trap: reason=unstable_if action=reinterpret pc=0x0000000003911a00 method=java.util.Hashtable$Enumerator.nextElement()Ljava/lang/Object; @ 71
Event: 12.944 Thread 0x00000000031eb000 Uncommon trap: reason=class_check action=maybe_recompile pc=0x0000000003d9f22c method=org.springframework.util.StringUtils.collectionToDelimitedString(Ljava/util/Collection;Ljava/lang/String;Ljava/lang/String;Ljava/lang/String;)Ljava/lang/String; @ 20
Event: 12.945 Thread 0x00000000031eb000 Uncommon trap: reason=class_check action=maybe_recompile pc=0x0000000003d9f22c method=org.springframework.util.StringUtils.collectionToDelimitedString(Ljava/util/Collection;Ljava/lang/String;Ljava/lang/String;Ljava/lang/String;)Ljava/lang/String; @ 20
Event: 12.945 Thread 0x00000000031eb000 Uncommon trap: reason=class_check action=maybe_recompile pc=0x0000000003d9f22c method=org.springframework.util.StringUtils.collectionToDelimitedString(Ljava/util/Collection;Ljava/lang/String;Ljava/lang/String;Ljava/lang/String;)Ljava/lang/String; @ 20
Event: 12.945 Thread 0x00000000031eb000 Uncommon trap: reason=class_check action=maybe_recompile pc=0x0000000003d9f22c method=org.springframework.util.StringUtils.collectionToDelimitedString(Ljava/util/Collection;Ljava/lang/String;Ljava/lang/String;Ljava/lang/String;)Ljava/lang/String; @ 20
Event: 13.386 Thread 0x00000000031eb000 Uncommon trap: reason=class_check action=maybe_recompile pc=0x0000000003b2d5fc method=java.net.URLClassLoader.defineClass(Ljava/lang/String;Lsun/misc/Resource;)Ljava/lang/Class; @ 13
Event: 13.547 Thread 0x00000000031eb000 Uncommon trap: reason=unstable_if action=reinterpret pc=0x0000000003cf4238 method=java.util.LinkedList.node(I)Ljava/util/LinkedList$Node; @ 49

Internal exceptions (10 events):
Event: 7.799 Thread 0x00000000031eb000 Exception <a 'java/lang/ClassNotFoundException': org/springframework/beans/factory/config/BeanFactoryPostProcessorCustomizer> (0x0000000770b7eec0) thrown at [C:\re\workspace\8-2-build-windows-amd64-cygwin\jdk8u151\9699\hotspot\src\share\vm\classfile\syste
Event: 7.800 Thread 0x00000000031eb000 Exception <a 'java/lang/ClassNotFoundException': org/springframework/core/PriorityOrderedCustomizer> (0x0000000770ba7b68) thrown at [C:\re\workspace\8-2-build-windows-amd64-cygwin\jdk8u151\9699\hotspot\src\share\vm\classfile\systemDictionary.cpp, line 210
Event: 7.800 Thread 0x00000000031eb000 Exception <a 'java/lang/ClassNotFoundException': org/springframework/core/OrderedCustomizer> (0x0000000770bcb160) thrown at [C:\re\workspace\8-2-build-windows-amd64-cygwin\jdk8u151\9699\hotspot\src\share\vm\classfile\systemDictionary.cpp, line 210]
Event: 7.801 Thread 0x00000000031eb000 Exception <a 'java/lang/ClassNotFoundException': org/springframework/context/ResourceLoaderAwareCustomizer> (0x0000000770bf8560) thrown at [C:\re\workspace\8-2-build-windows-amd64-cygwin\jdk8u151\9699\hotspot\src\share\vm\classfile\systemDictionary.cpp, l
Event: 7.802 Thread 0x00000000031eb000 Exception <a 'java/lang/ClassNotFoundException': org/springframework/beans/factory/AwareCustomizer> (0x0000000770c21590) thrown at [C:\re\workspace\8-2-build-windows-amd64-cygwin\jdk8u151\9699\hotspot\src\share\vm\classfile\systemDictionary.cpp, line 210]
Event: 7.803 Thread 0x00000000031eb000 Exception <a 'java/lang/ClassNotFoundException': org/springframework/beans/factory/BeanClassLoaderAwareCustomizer> (0x0000000770c52648) thrown at [C:\re\workspace\8-2-build-windows-amd64-cygwin\jdk8u151\9699\hotspot\src\share\vm\classfile\systemDictionary
Event: 7.804 Thread 0x00000000031eb000 Exception <a 'java/lang/ClassNotFoundException': org/springframework/beans/factory/AwareCustomizer> (0x0000000770c7b738) thrown at [C:\re\workspace\8-2-build-windows-amd64-cygwin\jdk8u151\9699\hotspot\src\share\vm\classfile\systemDictionary.cpp, line 210]
Event: 7.804 Thread 0x00000000031eb000 Exception <a 'java/lang/ClassNotFoundException': org/springframework/context/EnvironmentAwareCustomizer> (0x0000000770ca6670) thrown at [C:\re\workspace\8-2-build-windows-amd64-cygwin\jdk8u151\9699\hotspot\src\share\vm\classfile\systemDictionary.cpp, line
Event: 7.805 Thread 0x00000000031eb000 Exception <a 'java/lang/ClassNotFoundException': org/springframework/beans/factory/AwareCustomizer> (0x0000000770ccf650) thrown at [C:\re\workspace\8-2-build-windows-amd64-cygwin\jdk8u151\9699\hotspot\src\share\vm\classfile\systemDictionary.cpp, line 210]
Event: 13.152 Thread 0x00000000031eb000 Exception <a 'java/lang/IncompatibleClassChangeError': Found class java.lang.Object, but interface was expected> (0x000000076d4dbfa0) thrown at [C:\re\workspace\8-2-build-windows-amd64-cygwin\jdk8u151\9699\hotspot\src\share\vm\interpreter\linkResolver.cpp

Events (10 events):
Event: 14.053 loading class org/springframework/data/repository/config/RepositoryConfigurationSourceSupport
Event: 14.053 loading class org/springframework/data/repository/config/RepositoryConfigurationSourceSupport done
Event: 14.056 loading class org/springframework/boot/autoconfigure/data/AbstractRepositoryConfigurationSourceSupport$1
Event: 14.056 loading class org/springframework/boot/autoconfigure/data/AbstractRepositoryConfigurationSourceSupport$1 done
Event: 14.057 loading class org/springframework/boot/autoconfigure/data/AbstractRepositoryConfigurationSourceSupport$AutoConfiguredAnnotationRepositoryConfigurationSource
Event: 14.057 loading class org/springframework/boot/autoconfigure/data/AbstractRepositoryConfigurationSourceSupport$AutoConfiguredAnnotationRepositoryConfigurationSource done
Event: 14.057 loading class org/springframework/data/repository/config/RepositoryConfigurationExtension
Event: 14.057 loading class org/springframework/data/repository/config/RepositoryConfigurationExtension done
Event: 14.064 loading class com/fasterxml/jackson/module/paramnames/ParameterNamesModule
Event: 14.064 loading class com/fasterxml/jackson/module/paramnames/ParameterNamesModule done


Dynamic libraries:
0x00007ff636b30000 - 0x00007ff636b67000 	R:\Programming\jdk1.8.0_151\bin\java.exe
0x00007ff9a6740000 - 0x00007ff9a6930000 	C:\WINDOWS\SYSTEM32\ntdll.dll
0x00007ff9a5f30000 - 0x00007ff9a5fe2000 	C:\WINDOWS\System32\KERNEL32.DLL
0x00007ff9a36c0000 - 0x00007ff9a3964000 	C:\WINDOWS\System32\KERNELBASE.dll
0x00007ff9a5680000 - 0x00007ff9a5723000 	C:\WINDOWS\System32\ADVAPI32.dll
0x00007ff9a47f0000 - 0x00007ff9a488e000 	C:\WINDOWS\System32\msvcrt.dll
0x00007ff9a4aa0000 - 0x00007ff9a4b37000 	C:\WINDOWS\System32\sechost.dll
0x00007ff9a5c30000 - 0x00007ff9a5d50000 	C:\WINDOWS\System32\RPCRT4.dll
0x00007ff9a5ff0000 - 0x00007ff9a6184000 	C:\WINDOWS\System32\USER32.dll
0x00007ff9a3ba0000 - 0x00007ff9a3bc1000 	C:\WINDOWS\System32\win32u.dll
0x00007ff9a4e90000 - 0x00007ff9a4eb6000 	C:\WINDOWS\System32\GDI32.dll
0x00007ff9a44e0000 - 0x00007ff9a4676000 	C:\WINDOWS\System32\gdi32full.dll
0x00007ff9a4750000 - 0x00007ff9a47ee000 	C:\WINDOWS\System32\msvcp_win.dll
0x00007ff9a3bd0000 - 0x00007ff9a3cca000 	C:\WINDOWS\System32\ucrtbase.dll
0x00007ff9957d0000 - 0x00007ff995a54000 	C:\WINDOWS\WinSxS\amd64_microsoft.windows.common-controls_6595b64144ccf1df_6.0.18362.959_none_e6c7bbbf130c62bb\COMCTL32.dll
0x00007ff9a63a0000 - 0x00007ff9a66d5000 	C:\WINDOWS\System32\combase.dll
0x00007ff9a4460000 - 0x00007ff9a44e0000 	C:\WINDOWS\System32\bcryptPrimitives.dll
0x00007ff9a5f00000 - 0x00007ff9a5f2e000 	C:\WINDOWS\System32\IMM32.DLL
0x00000000505f0000 - 0x00000000506c2000 	R:\Programming\jdk1.8.0_151\jre\bin\msvcr100.dll
0x0000000077070000 - 0x000000007790d000 	R:\Programming\jdk1.8.0_151\jre\bin\server\jvm.dll
0x00007ff9a5ef0000 - 0x00007ff9a5ef8000 	C:\WINDOWS\System32\PSAPI.DLL
0x00007ff992240000 - 0x00007ff992249000 	C:\WINDOWS\SYSTEM32\WSOCK32.dll
0x00007ff9a4e20000 - 0x00007ff9a4e8f000 	C:\WINDOWS\System32\WS2_32.dll
0x00007ff99f6a0000 - 0x00007ff99f6c4000 	C:\WINDOWS\SYSTEM32\WINMM.dll
0x00007ff99bea0000 - 0x00007ff99beaa000 	C:\WINDOWS\SYSTEM32\VERSION.dll
0x00007ff99f670000 - 0x00007ff99f69d000 	C:\WINDOWS\SYSTEM32\WINMMBASE.dll
0x00007ff9a3b50000 - 0x00007ff9a3b9a000 	C:\WINDOWS\System32\cfgmgr32.dll
0x0000000051130000 - 0x000000005113f000 	R:\Programming\jdk1.8.0_151\jre\bin\verify.dll
0x0000000051100000 - 0x0000000051129000 	R:\Programming\jdk1.8.0_151\jre\bin\java.dll
0x0000000050e30000 - 0x0000000050e53000 	R:\Programming\jdk1.8.0_151\jre\bin\instrument.dll
0x00000000510e0000 - 0x00000000510f6000 	R:\Programming\jdk1.8.0_151\jre\bin\zip.dll
0x00007ff9a4ec0000 - 0x00007ff9a55a6000 	C:\WINDOWS\System32\SHELL32.dll
0x00007ff9a4d70000 - 0x00007ff9a4e19000 	C:\WINDOWS\System32\shcore.dll
0x00007ff9a3cd0000 - 0x00007ff9a4452000 	C:\WINDOWS\System32\windows.storage.dll
0x00007ff9a3670000 - 0x00007ff9a3693000 	C:\WINDOWS\System32\profapi.dll
0x00007ff9a3620000 - 0x00007ff9a366a000 	C:\WINDOWS\System32\powrprof.dll
0x00007ff9a35f0000 - 0x00007ff9a3600000 	C:\WINDOWS\System32\UMPDC.dll
0x00007ff9a48a0000 - 0x00007ff9a48f2000 	C:\WINDOWS\System32\shlwapi.dll
0x00007ff9a36a0000 - 0x00007ff9a36b1000 	C:\WINDOWS\System32\kernel.appcore.dll
0x00007ff9a4730000 - 0x00007ff9a4747000 	C:\WINDOWS\System32\cryptsp.dll
0x00007ff99c800000 - 0x00007ff99c81a000 	Z:\tool\IntelliJ IDEA Community Edition 2020.1.2\bin\breakgen64.dll
0x0000000050e10000 - 0x0000000050e2a000 	R:\Programming\jdk1.8.0_151\jre\bin\net.dll
0x00007ff9a2e60000 - 0x00007ff9a2ec7000 	C:\WINDOWS\system32\mswsock.dll
0x00007ff9a2b70000 - 0x00007ff9a2baa000 	C:\WINDOWS\SYSTEM32\IPHLPAPI.DLL
0x00007ff9a4890000 - 0x00007ff9a4898000 	C:\WINDOWS\System32\NSI.dll
0x00007ff99bca0000 - 0x00007ff99bcb6000 	C:\WINDOWS\SYSTEM32\dhcpcsvc6.DLL
0x00007ff99bb80000 - 0x00007ff99bb9c000 	C:\WINDOWS\SYSTEM32\dhcpcsvc.DLL
0x00007ff9a2bb0000 - 0x00007ff9a2c7b000 	C:\WINDOWS\SYSTEM32\DNSAPI.dll
0x00007ff996680000 - 0x00007ff99668a000 	C:\Windows\System32\rasadhlp.dll
0x00007ff998a40000 - 0x00007ff998ab7000 	C:\WINDOWS\System32\fwpuclnt.dll
0x00007ff9a3970000 - 0x00007ff9a3996000 	C:\WINDOWS\System32\bcrypt.dll
0x00000000510d0000 - 0x00000000510dd000 	R:\Programming\jdk1.8.0_151\jre\bin\management.dll
0x00007ff990730000 - 0x00007ff990746000 	C:\WINDOWS\system32\napinsp.dll
0x00007ff990710000 - 0x00007ff99072a000 	C:\WINDOWS\system32\pnrpnsp.dll
0x00007ff990700000 - 0x00007ff99070e000 	C:\WINDOWS\System32\winrnr.dll
0x00007ff99f7c0000 - 0x00007ff99f7dc000 	C:\WINDOWS\system32\NLAapi.dll
0x00007ff990530000 - 0x00007ff990545000 	C:\WINDOWS\system32\wshbth.dll
0x00007ff9a29d0000 - 0x00007ff9a2a03000 	C:\WINDOWS\system32\rsaenh.dll
0x00007ff9a3510000 - 0x00007ff9a3535000 	C:\WINDOWS\SYSTEM32\USERENV.dll
0x00007ff9a3030000 - 0x00007ff9a303c000 	C:\WINDOWS\SYSTEM32\CRYPTBASE.dll
0x0000000050df0000 - 0x0000000050e01000 	R:\Programming\jdk1.8.0_151\jre\bin\nio.dll

VM Arguments:
jvm_args: -javaagent:Z:\tool\IntelliJ IDEA Community Edition 2020.1.2\lib\idea_rt.jar=62653:Z:\tool\IntelliJ IDEA Community Edition 2020.1.2\bin -Dfile.encoding=UTF-8 
java_command: io.renren.RenrenApplication
java_class_path (initial): R:\Programming\jdk1.8.0_151\jre\lib\charsets.jar;R:\Programming\jdk1.8.0_151\jre\lib\deploy.jar;R:\Programming\jdk1.8.0_151\jre\lib\ext\access-bridge-64.jar;R:\Programming\jdk1.8.0_151\jre\lib\ext\cldrdata.jar;R:\Programming\jdk1.8.0_151\jre\lib\ext\dnsns.jar;R:\Programming\jdk1.8.0_151\jre\lib\ext\jaccess.jar;R:\Programming\jdk1.8.0_151\jre\lib\ext\jfxrt.jar;R:\Programming\jdk1.8.0_151\jre\lib\ext\localedata.jar;R:\Programming\jdk1.8.0_151\jre\lib\ext\nashorn.jar;R:\Programming\jdk1.8.0_151\jre\lib\ext\sunec.jar;R:\Programming\jdk1.8.0_151\jre\lib\ext\sunjce_provider.jar;R:\Programming\jdk1.8.0_151\jre\lib\ext\sunmscapi.jar;R:\Programming\jdk1.8.0_151\jre\lib\ext\sunpkcs11.jar;R:\Programming\jdk1.8.0_151\jre\lib\ext\zipfs.jar;R:\Programming\jdk1.8.0_151\jre\lib\javaws.jar;R:\Programming\jdk1.8.0_151\jre\lib\jce.jar;R:\Programming\jdk1.8.0_151\jre\lib\jfr.jar;R:\Programming\jdk1.8.0_151\jre\lib\jfxswt.jar;R:\Programming\jdk1.8.0_151\jre\lib\jsse.jar;R:\Programming\jdk1.8.0_151\jre\lib\management-agent.jar;R:\Programming\jdk1.8.0_151\jre\lib\plugin.jar;R:\Programming\jdk1.8.0_151\jre\lib\resources.jar;R:\Programming\jdk1.8.0_151\jre\lib\rt.jar;Z:\tool\mall\renren-fast\target\classes;Z:\tool\mall\mall-common\target\classes;Y:\hw\apache-maven-3.6.3\repository\org\apache\httpcomponents\httpcore\4.4.13\httpcore-4.4.13.jar;Y:\hw\apache-maven-3.6.3\repository\com\alibaba\cloud\spring-cloud-starter-alibaba-nacos-config\2.2.1.RELEASE\spring-cloud-starter-alibaba-nacos-config-2.2.1.RELEASE.jar;Y:\hw\apache-maven-3.6.3\repository\com\alibaba\spring\spring-context-support\1.0.6\spring-context-support-1.0.6.jar;Y:\hw\apache-maven-3.6.3\repository\com\alibaba\nacos\nacos-client\1.2.1\nacos-client-1.2.1.jar;Y:\hw\apache-maven-3.6.3\repository\com\alibaba\nacos\nacos-common\1.2.1\nacos-common-1.2.1.jar;Y:\hw\apache-maven-3.6.3\repository\org\apache\commons\commons-lang3\3.9\commons-lang3-3.9.jar;Y:\hw\apache-maven-3.6.3\repository\com\alibaba\nacos\naco
Launcher Type: SUN_STANDARD

Environment Variables:
JAVA_HOME=R:\Programming\jdk1.8.0_151
CLASSPATH=.;R:\Programming\jdk1.8.0_151\lib\dt.jar;R:\Programming\jdk1.8.0_151\lib\tools.jar;
PATH=C:\Python38\Scripts\;C:\Python38\;Y:\hw\apache-maven-3.6.3\bin;Y:\Oculus\Support\oculus-runtime;R:\Python\Scripts\;R:\Python\;C:\Program Files (x86)\Intel\iCLS Client\;C:\Program Files\Intel\iCLS Client\;C:\ProgramData\Oracle\Java\javapath;R:\Programming\jdk1.8.0_151\bin;R:\Programming\jdk1.8.0_151\jre\bin;C:\WINDOWS\system32;C:\WINDOWS;C:\WINDOWS\System32\Wbem;C:\WINDOWS\System32\WindowsPowerShell\v1.0\;C:\WINDOWS\System32\OpenSSH\;C:\Program Files (x86)\Intel\Intel(R) Management Engine Components\DAL;C:\Program Files\Intel\Intel(R) Management Engine Components\DAL;C:\Program Files (x86)\Intel\Intel(R) Management Engine Components\IPT;C:\Program Files\Intel\Intel(R) Management Engine Components\IPT;C:\Program Files\Intel\WiFi\bin\;C:\Program Files\Common Files\Intel\WirelessCommon\;Y:\hw\2017\putty\;Y:\hw\3296\Git\cmd;R:\Python\python3.exe;C:\Program Files\dotnet\;C:\ProgramData\chocolatey\bin;Z:\tool\node.js\;C:\Program Files\MySQL\MySQL Server 8.0\bin;R:\Programming\jdk1.8.0_151\bin;Y:\Microsoft VS Code\bin;C:\Program Files (x86)\Nmap;C:\Users\Junxiang Wen\.dotnet\tools;Y:\hw\apache-maven-3.6.3\bin;C:\Users\Junxiang Wen\AppData\Roaming\npm
USERNAME=Junxiang Wen
OS=Windows_NT
PROCESSOR_IDENTIFIER=Intel64 Family 6 Model 158 Stepping 9, GenuineIntel



---------------  S Y S T E M  ---------------

OS: Windows 10.0 , 64 bit Build 18362 (10.0.18362.959)

CPU:total 4 (initial active 4) (4 cores per cpu, 1 threads per core) family 6 model 158 stepping 9, cmov, cx8, fxsr, mmx, sse, sse2, sse3, ssse3, sse4.1, sse4.2, popcnt, avx, avx2, aes, clmul, erms, 3dnowpref, lzcnt, tsc, tscinvbit, bmi1, bmi2, adx

Memory: 4k page, physical 16639336k(228868k free), swap 26600808k(4216k free)

vm_info: Java HotSpot(TM) 64-Bit Server VM (25.151-b12) for windows-amd64 JRE (1.8.0_151-b12), built on Sep  5 2017 19:33:46 by "java_re" with MS VC++ 10.0 (VS2010)

time: Sun Aug 02 13:19:57 2020
elapsed time: 14 seconds (0d 0h 0m 14s)

