#
# There is insufficient memory for the Java Runtime Environment to continue.
# Native memory allocation (malloc) failed to allocate 457296 bytes for Chunk::new
# Possible reasons:
#   The system is out of physical RAM or swap space
#   In 32 bit mode, the process size limit was hit
# Possible solutions:
#   Reduce memory load on the system
#   Increase physical memory or swap space
#   Check if swap backing store is full
#   Use 64 bit Java on a 64 bit OS
#   Decrease Java heap size (-Xmx/-Xms)
#   Decrease number of Java threads
#   Decrease Java thread stack sizes (-Xss)
#   Set larger code cache with -XX:ReservedCodeCacheSize=
# This output file may be truncated or incomplete.
#
#  Out of Memory Error (allocation.cpp:390), pid=21304, tid=0x0000000000002320
#
# JRE version: Java(TM) SE Runtime Environment (8.0_151-b12) (build 1.8.0_151-b12)
# Java VM: Java HotSpot(TM) 64-Bit Server VM (25.151-b12 mixed mode windows-amd64 compressed oops)
# Failed to write core dump. Minidumps are not enabled by default on client versions of Windows
#

---------------  T H R E A D  ---------------

Current thread (0x000000001e140000):  JavaThread "C2 CompilerThread1" daemon [_thread_in_native, id=8992, stack(0x000000001e760000,0x000000001e860000)]

Stack: [0x000000001e760000,0x000000001e860000]
[error occurred during error reporting (printing stack bounds), id 0xc0000005]

Native frames: (J=compiled Java code, j=interpreted, Vv=VM code, C=native code)


Current CompileTask:
C2:  12630 5712   !   4       java.util.Formatter::format (271 bytes)


---------------  P R O C E S S  ---------------

Java Threads: ( => current thread )
  0x000000001f60e000 JavaThread "ForkJoinPool.commonPool-worker-3" daemon [_thread_blocked, id=22996, stack(0x0000000025c50000,0x0000000025d50000)]
  0x000000001f60b800 JavaThread "ForkJoinPool.commonPool-worker-1" daemon [_thread_blocked, id=4332, stack(0x0000000025a50000,0x0000000025b50000)]
  0x000000001f60f800 JavaThread "Druid-ConnectionPool-Destroy-851116146" daemon [_thread_blocked, id=17632, stack(0x0000000025460000,0x0000000025560000)]
  0x000000001f611800 JavaThread "Druid-ConnectionPool-Create-851116146" daemon [_thread_blocked, id=6596, stack(0x0000000025360000,0x0000000025460000)]
  0x000000001f60e800 JavaThread "mysql-cj-abandoned-connection-cleanup" daemon [_thread_blocked, id=10352, stack(0x0000000024c60000,0x0000000024d60000)]
  0x000000001f611000 JavaThread "Keep-Alive-Timer" daemon [_thread_blocked, id=13332, stack(0x0000000022380000,0x0000000022480000)]
  0x000000001f60d000 JavaThread "com.alibaba.nacos.client.Worker.fixed-localhost_8848" daemon [_thread_blocked, id=12968, stack(0x0000000021e80000,0x0000000021f80000)]
  0x000000001f610000 JavaThread "com.alibaba.nacos.client.config.security.updater" daemon [_thread_blocked, id=9644, stack(0x0000000021d80000,0x0000000021e80000)]
  0x000000001f60b000 JavaThread "Timer-0" daemon [_thread_blocked, id=920, stack(0x0000000021c80000,0x0000000021d80000)]
  0x000000001e21d000 JavaThread "Service Thread" daemon [_thread_blocked, id=3260, stack(0x000000001e960000,0x000000001ea60000)]
  0x000000001e141000 JavaThread "C1 CompilerThread2" daemon [_thread_blocked, id=11116, stack(0x000000001e860000,0x000000001e960000)]
=>0x000000001e140000 JavaThread "C2 CompilerThread1" daemon [_thread_in_native, id=8992, stack(0x000000001e760000,0x000000001e860000)]
  0x000000001e127000 JavaThread "C2 CompilerThread0" daemon [_thread_in_native, id=16904, stack(0x000000001e660000,0x000000001e760000)]
  0x000000001e187000 JavaThread "Monitor Ctrl-Break" daemon [_thread_in_native, id=1752, stack(0x000000001e560000,0x000000001e660000)]
  0x000000001c30b000 JavaThread "Attach Listener" daemon [_thread_blocked, id=23936, stack(0x000000001d860000,0x000000001d960000)]
  0x000000001c309800 JavaThread "Signal Dispatcher" daemon [_thread_blocked, id=4444, stack(0x000000001d760000,0x000000001d860000)]
  0x000000001c2f1800 JavaThread "Finalizer" daemon [_thread_blocked, id=19864, stack(0x000000001d560000,0x000000001d660000)]
  0x000000001c2c9000 JavaThread "Reference Handler" daemon [_thread_blocked, id=21516, stack(0x000000001d460000,0x000000001d560000)]
  0x0000000002b2b000 JavaThread "main" [_thread_in_Java, id=22756, stack(0x00000000029b0000,0x0000000002ab0000)]

Other Threads:
  0x000000001c2c7800 VMThread [stack: 0x000000001d360000,0x000000001d460000] [id=24424]
  0x000000001e2d4800 WatcherThread [stack: 0x000000001ea60000,0x000000001eb60000] [id=128]

VM state:not at safepoint (normal execution)

VM Mutex/Monitor currently owned by a thread: None

Heap:
 PSYoungGen      total 197632K, used 195459K [0x000000076b580000, 0x0000000778600000, 0x00000007c0000000)
  eden space 186880K, 98% used [0x000000076b580000,0x00000007769e9eb8,0x0000000776c00000)
  from space 10752K, 99% used [0x0000000777b80000,0x00000007785f6f90,0x0000000778600000)
  to   space 13312K, 0% used [0x0000000776c00000,0x0000000776c00000,0x0000000777900000)
 ParOldGen       total 170496K, used 14402K [0x00000006c2000000, 0x00000006cc680000, 0x000000076b580000)
  object space 170496K, 8% used [0x00000006c2000000,0x00000006c2e109a0,0x00000006cc680000)
 Metaspace       used 49775K, capacity 51432K, committed 51584K, reserved 1095680K
  class space    used 6163K, capacity 6486K, committed 6528K, reserved 1048576K

Card table byte_map: [0x0000000012120000,0x0000000012920000] byte_map_base: 0x000000000eb10000

Marking Bits: (ParMarkBitMap*) 0x000000007788d850
 Begin Bits: [0x0000000013270000, 0x00000000171f0000)
 End Bits:   [0x00000000171f0000, 0x000000001b170000)

Polling page: 0x0000000000f80000

CodeCache: size=245760Kb used=18121Kb max_used=18298Kb free=227638Kb
 bounds [0x0000000002d60000, 0x0000000003f60000, 0x0000000011d60000]
 total_blobs=5653 nmethods=5127 adapters=437
 compilation: enabled

Compilation events (10 events):
Event: 12.629 Thread 0x000000001e141000 5752       3       org.aspectj.weaver.ResolvedType::isInheritedAnnotation (21 bytes)
Event: 12.629 Thread 0x000000001e141000 nmethod 5752 0x00000000030d9f90 code [0x00000000030da100, 0x00000000030da308]
Event: 12.629 Thread 0x000000001e141000 5753       3       org.aspectj.weaver.ResolvedType::ensureAnnotationBitsInitialized (46 bytes)
Event: 12.629 Thread 0x000000001e141000 nmethod 5753 0x00000000030d9a10 code [0x00000000030d9b80, 0x00000000030d9e68]
Event: 12.629 Thread 0x000000001e141000 5754       1       org.aspectj.weaver.patterns.OrPointcut::couldMatchKinds (5 bytes)
Event: 12.629 Thread 0x000000001e141000 nmethod 5754 0x0000000003412ad0 code [0x0000000003412c20, 0x0000000003412d30]
Event: 12.629 Thread 0x000000001e141000 5755       1       org.aspectj.weaver.reflect.ReflectionShadow::getEnclosingType (5 bytes)
Event: 12.629 Thread 0x000000001e141000 nmethod 5755 0x0000000003673c10 code [0x0000000003673d60, 0x0000000003673e70]
Event: 12.629 Thread 0x000000001e141000 5758       1       org.springframework.beans.factory.config.InstantiationAwareBeanPostProcessorAdapter::postProcessAfterInstantiation (2 bytes)
Event: 12.629 Thread 0x000000001e141000 nmethod 5758 0x0000000002fa9b90 code [0x0000000002fa9ce0, 0x0000000002fa9df0]

GC Heap History (10 events):
Event: 4.279 GC heap before
{Heap before GC invocations=6 (full 1):
 PSYoungGen      total 98304K, used 97919K [0x000000076b580000, 0x0000000774400000, 0x00000007c0000000)
  eden space 93184K, 100% used [0x000000076b580000,0x0000000771080000,0x0000000771080000)
  from space 5120K, 92% used [0x0000000773f00000,0x000000077439fd30,0x0000000774400000)
  to   space 10752K, 0% used [0x0000000772f00000,0x0000000772f00000,0x0000000773980000)
 ParOldGen       total 106496K, used 7559K [0x00000006c2000000, 0x00000006c8800000, 0x000000076b580000)
  object space 106496K, 7% used [0x00000006c2000000,0x00000006c2761cf8,0x00000006c8800000)
 Metaspace       used 26635K, capacity 27592K, committed 27648K, reserved 1075200K
  class space    used 3345K, capacity 3564K, committed 3584K, reserved 1048576K
Event: 4.288 GC heap after
Heap after GC invocations=6 (full 1):
 PSYoungGen      total 135168K, used 8544K [0x000000076b580000, 0x0000000774e00000, 0x00000007c0000000)
  eden space 124416K, 0% used [0x000000076b580000,0x000000076b580000,0x0000000772f00000)
  from space 10752K, 79% used [0x0000000772f00000,0x0000000773758158,0x0000000773980000)
  to   space 10240K, 0% used [0x0000000774400000,0x0000000774400000,0x0000000774e00000)
 ParOldGen       total 106496K, used 7559K [0x00000006c2000000, 0x00000006c8800000, 0x000000076b580000)
  object space 106496K, 7% used [0x00000006c2000000,0x00000006c2761cf8,0x00000006c8800000)
 Metaspace       used 26635K, capacity 27592K, committed 27648K, reserved 1075200K
  class space    used 3345K, capacity 3564K, committed 3584K, reserved 1048576K
}
Event: 5.426 GC heap before
{Heap before GC invocations=7 (full 1):
 PSYoungGen      total 135168K, used 132960K [0x000000076b580000, 0x0000000774e00000, 0x00000007c0000000)
  eden space 124416K, 100% used [0x000000076b580000,0x0000000772f00000,0x0000000772f00000)
  from space 10752K, 79% used [0x0000000772f00000,0x0000000773758158,0x0000000773980000)
  to   space 10240K, 0% used [0x0000000774400000,0x0000000774400000,0x0000000774e00000)
 ParOldGen       total 106496K, used 7559K [0x00000006c2000000, 0x00000006c8800000, 0x000000076b580000)
  object space 106496K, 7% used [0x00000006c2000000,0x00000006c2761cf8,0x00000006c8800000)
 Metaspace       used 31558K, capacity 32734K, committed 32896K, reserved 1079296K
  class space    used 3986K, capacity 4213K, committed 4224K, reserved 1048576K
Event: 5.438 GC heap after
Heap after GC invocations=7 (full 1):
 PSYoungGen      total 143872K, used 10231K [0x000000076b580000, 0x0000000777d80000, 0x00000007c0000000)
  eden space 133632K, 0% used [0x000000076b580000,0x000000076b580000,0x0000000773800000)
  from space 10240K, 99% used [0x0000000774400000,0x0000000774dfdd60,0x0000000774e00000)
  to   space 12288K, 0% used [0x0000000773800000,0x0000000773800000,0x0000000774400000)
 ParOldGen       total 106496K, used 9369K [0x00000006c2000000, 0x00000006c8800000, 0x000000076b580000)
  object space 106496K, 8% used [0x00000006c2000000,0x00000006c2926670,0x00000006c8800000)
 Metaspace       used 31558K, capacity 32734K, committed 32896K, reserved 1079296K
  class space    used 3986K, capacity 4213K, committed 4224K, reserved 1048576K
}
Event: 7.428 GC heap before
{Heap before GC invocations=8 (full 1):
 PSYoungGen      total 143872K, used 56135K [0x000000076b580000, 0x0000000777d80000, 0x00000007c0000000)
  eden space 133632K, 34% used [0x000000076b580000,0x000000076e253fd8,0x0000000773800000)
  from space 10240K, 99% used [0x0000000774400000,0x0000000774dfdd60,0x0000000774e00000)
  to   space 12288K, 0% used [0x0000000773800000,0x0000000773800000,0x0000000774400000)
 ParOldGen       total 106496K, used 9369K [0x00000006c2000000, 0x00000006c8800000, 0x000000076b580000)
  object space 106496K, 8% used [0x00000006c2000000,0x00000006c2926670,0x00000006c8800000)
 Metaspace       used 34183K, capacity 35360K, committed 35416K, reserved 1081344K
  class space    used 4331K, capacity 4582K, committed 4608K, reserved 1048576K
Event: 7.440 GC heap after
Heap after GC invocations=8 (full 1):
 PSYoungGen      total 145920K, used 9791K [0x000000076b580000, 0x0000000778800000, 0x00000007c0000000)
  eden space 133632K, 0% used [0x000000076b580000,0x000000076b580000,0x0000000773800000)
  from space 12288K, 79% used [0x0000000773800000,0x000000077418ff38,0x0000000774400000)
  to   space 12800K, 0% used [0x0000000777b80000,0x0000000777b80000,0x0000000778800000)
 ParOldGen       total 106496K, used 9377K [0x00000006c2000000, 0x00000006c8800000, 0x000000076b580000)
  object space 106496K, 8% used [0x00000006c2000000,0x00000006c2928670,0x00000006c8800000)
 Metaspace       used 34183K, capacity 35360K, committed 35416K, reserved 1081344K
  class space    used 4331K, capacity 4582K, committed 4608K, reserved 1048576K
}
Event: 7.440 GC heap before
{Heap before GC invocations=9 (full 2):
 PSYoungGen      total 145920K, used 9791K [0x000000076b580000, 0x0000000778800000, 0x00000007c0000000)
  eden space 133632K, 0% used [0x000000076b580000,0x000000076b580000,0x0000000773800000)
  from space 12288K, 79% used [0x0000000773800000,0x000000077418ff38,0x0000000774400000)
  to   space 12800K, 0% used [0x0000000777b80000,0x0000000777b80000,0x0000000778800000)
 ParOldGen       total 106496K, used 9377K [0x00000006c2000000, 0x00000006c8800000, 0x000000076b580000)
  object space 106496K, 8% used [0x00000006c2000000,0x00000006c2928670,0x00000006c8800000)
 Metaspace       used 34183K, capacity 35360K, committed 35416K, reserved 1081344K
  class space    used 4331K, capacity 4582K, committed 4608K, reserved 1048576K
Event: 7.497 GC heap after
Heap after GC invocations=9 (full 2):
 PSYoungGen      total 145920K, used 0K [0x000000076b580000, 0x0000000778800000, 0x00000007c0000000)
  eden space 133632K, 0% used [0x000000076b580000,0x000000076b580000,0x0000000773800000)
  from space 12288K, 0% used [0x0000000773800000,0x0000000773800000,0x0000000774400000)
  to   space 12800K, 0% used [0x0000000777b80000,0x0000000777b80000,0x0000000778800000)
 ParOldGen       total 170496K, used 14378K [0x00000006c2000000, 0x00000006cc680000, 0x000000076b580000)
  object space 170496K, 8% used [0x00000006c2000000,0x00000006c2e0a990,0x00000006cc680000)
 Metaspace       used 34183K, capacity 35360K, committed 35416K, reserved 1081344K
  class space    used 4331K, capacity 4582K, committed 4608K, reserved 1048576K
}
Event: 10.122 GC heap before
{Heap before GC invocations=10 (full 2):
 PSYoungGen      total 145920K, used 133632K [0x000000076b580000, 0x0000000778800000, 0x00000007c0000000)
  eden space 133632K, 100% used [0x000000076b580000,0x0000000773800000,0x0000000773800000)
  from space 12288K, 0% used [0x0000000773800000,0x0000000773800000,0x0000000774400000)
  to   space 12800K, 0% used [0x0000000777b80000,0x0000000777b80000,0x0000000778800000)
 ParOldGen       total 170496K, used 14378K [0x00000006c2000000, 0x00000006cc680000, 0x000000076b580000)
  object space 170496K, 8% used [0x00000006c2000000,0x00000006c2e0a990,0x00000006cc680000)
 Metaspace       used 44664K, capacity 46170K, committed 46208K, reserved 1091584K
  class space    used 5459K, capacity 5747K, committed 5760K, reserved 1048576K
Event: 10.131 GC heap after
Heap after GC invocations=10 (full 2):
 PSYoungGen      total 197632K, used 10715K [0x000000076b580000, 0x0000000778600000, 0x00000007c0000000)
  eden space 186880K, 0% used [0x000000076b580000,0x000000076b580000,0x0000000776c00000)
  from space 10752K, 99% used [0x0000000777b80000,0x00000007785f6f90,0x0000000778600000)
  to   space 13312K, 0% used [0x0000000776c00000,0x0000000776c00000,0x0000000777900000)
 ParOldGen       total 170496K, used 14402K [0x00000006c2000000, 0x00000006cc680000, 0x000000076b580000)
  object space 170496K, 8% used [0x00000006c2000000,0x00000006c2e109a0,0x00000006cc680000)
 Metaspace       used 44664K, capacity 46170K, committed 46208K, reserved 1091584K
  class space    used 5459K, capacity 5747K, committed 5760K, reserved 1048576K
}

Deoptimization events (10 events):
Event: 12.133 Thread 0x000000001f60b000 Uncommon trap: reason=bimorphic action=maybe_recompile pc=0x0000000003414790 method=java.util.TreeMap.getEntryUsingComparator(Ljava/lang/Object;)Ljava/util/TreeMap$Entry; @ 29
Event: 12.277 Thread 0x0000000002b2b000 Uncommon trap: reason=unstable_if action=reinterpret pc=0x0000000002efa19c method=java.lang.StringCoding$StringDecoder.decode([BII)[C @ 20
Event: 12.471 Thread 0x0000000002b2b000 Uncommon trap: reason=unstable_if action=reinterpret pc=0x0000000002f606e0 method=java.util.Properties$LineReader.readLine()I @ 200
Event: 12.475 Thread 0x0000000002b2b000 Uncommon trap: reason=unstable_if action=reinterpret pc=0x0000000003718abc method=java.io.WinNTFileSystem.prefixLength(Ljava/lang/String;)I @ 68
Event: 12.558 Thread 0x0000000002b2b000 Uncommon trap: reason=bimorphic action=maybe_recompile pc=0x0000000003a87008 method=java.util.Collections$SetFromMap.contains(Ljava/lang/Object;)Z @ 5
Event: 12.564 Thread 0x0000000002b2b000 Uncommon trap: reason=unstable_if action=reinterpret pc=0x00000000031c006c method=java.util.regex.Pattern$Curly.match0(Ljava/util/regex/Matcher;IILjava/lang/CharSequence;)Z @ 66
Event: 12.565 Thread 0x0000000002b2b000 Uncommon trap: reason=class_check action=maybe_recompile pc=0x0000000003df0b40 method=java.util.Formatter$FormatSpecifier.printString(Ljava/lang/Object;Ljava/util/Locale;)V @ 98
Event: 12.565 Thread 0x0000000002b2b000 Uncommon trap: reason=class_check action=maybe_recompile pc=0x0000000003df0b40 method=java.util.Formatter$FormatSpecifier.printString(Ljava/lang/Object;Ljava/util/Locale;)V @ 98
Event: 12.565 Thread 0x0000000002b2b000 Uncommon trap: reason=class_check action=maybe_recompile pc=0x0000000003df0b40 method=java.util.Formatter$FormatSpecifier.printString(Ljava/lang/Object;Ljava/util/Locale;)V @ 98
Event: 12.566 Thread 0x0000000002b2b000 Uncommon trap: reason=class_check action=maybe_recompile pc=0x0000000003df0b40 method=java.util.Formatter$FormatSpecifier.printString(Ljava/lang/Object;Ljava/util/Locale;)V @ 98

Internal exceptions (10 events):
Event: 11.856 Thread 0x0000000002b2b000 Exception <a 'java/lang/ArrayIndexOutOfBoundsException': 3> (0x00000007743aedc0) thrown at [C:\re\workspace\8-2-build-windows-amd64-cygwin\jdk8u151\9699\hotspot\src\share\vm\interpreter\interpreterRuntime.cpp, line 366]
Event: 11.856 Thread 0x0000000002b2b000 Exception <a 'java/lang/ArrayIndexOutOfBoundsException': 3> (0x00000007743af1e0) thrown at [C:\re\workspace\8-2-build-windows-amd64-cygwin\jdk8u151\9699\hotspot\src\share\vm\interpreter\interpreterRuntime.cpp, line 366]
Event: 11.865 Thread 0x0000000002b2b000 Exception <a 'java/lang/ArrayIndexOutOfBoundsException': 13> (0x00000007744b5510) thrown at [C:\re\workspace\8-2-build-windows-amd64-cygwin\jdk8u151\9699\hotspot\src\share\vm\interpreter\interpreterRuntime.cpp, line 366]
Event: 11.865 Thread 0x0000000002b2b000 Exception <a 'java/lang/ArrayIndexOutOfBoundsException': 13> (0x00000007744b5b18) thrown at [C:\re\workspace\8-2-build-windows-amd64-cygwin\jdk8u151\9699\hotspot\src\share\vm\interpreter\interpreterRuntime.cpp, line 366]
Event: 11.956 Thread 0x0000000002b2b000 Exception <a 'java/lang/ArrayIndexOutOfBoundsException': 3> (0x0000000774b03c60) thrown at [C:\re\workspace\8-2-build-windows-amd64-cygwin\jdk8u151\9699\hotspot\src\share\vm\interpreter\interpreterRuntime.cpp, line 366]
Event: 11.956 Thread 0x0000000002b2b000 Exception <a 'java/lang/ArrayIndexOutOfBoundsException': 3> (0x0000000774b04080) thrown at [C:\re\workspace\8-2-build-windows-amd64-cygwin\jdk8u151\9699\hotspot\src\share\vm\interpreter\interpreterRuntime.cpp, line 366]
Event: 11.957 Thread 0x0000000002b2b000 Exception <a 'java/lang/ArrayIndexOutOfBoundsException': 27> (0x0000000774b0ab80) thrown at [C:\re\workspace\8-2-build-windows-amd64-cygwin\jdk8u151\9699\hotspot\src\share\vm\interpreter\interpreterRuntime.cpp, line 366]
Event: 11.957 Thread 0x0000000002b2b000 Exception <a 'java/lang/ArrayIndexOutOfBoundsException': 27> (0x0000000774b0b188) thrown at [C:\re\workspace\8-2-build-windows-amd64-cygwin\jdk8u151\9699\hotspot\src\share\vm\interpreter\interpreterRuntime.cpp, line 366]
Event: 12.133 Thread 0x000000001f60b000 Exception <a 'java/io/FileNotFoundException'> (0x00000007753dd700) thrown at [C:\re\workspace\8-2-build-windows-amd64-cygwin\jdk8u151\9699\hotspot\src\share\vm\prims\jni.cpp, line 709]
Event: 12.133 Thread 0x000000001f60b000 Exception <a 'java/io/FileNotFoundException'> (0x00000007753ddec0) thrown at [C:\re\workspace\8-2-build-windows-amd64-cygwin\jdk8u151\9699\hotspot\src\share\vm\prims\jni.cpp, line 709]

Events (10 events):
Event: 12.566 Thread 0x0000000002b2b000 DEOPT UNPACKING pc=0x0000000002da582a sp=0x0000000002aaa268 mode 2
Event: 12.567 loading class java/time/Duration$1
Event: 12.567 loading class java/time/Duration$1 done
Event: 12.605 Executing VM operation: RevokeBias
Event: 12.605 Executing VM operation: RevokeBias done
Event: 12.605 Thread 0x000000001f60c800 Thread exited: 0x000000001f60c800
Event: 12.613 Thread 0x0000000002b2b000 DEOPT PACKING pc=0x0000000003ebf35d sp=0x0000000002aad400
Event: 12.613 Thread 0x0000000002b2b000 DEOPT UNPACKING pc=0x0000000002da787f sp=0x0000000002aad1f8 mode 0
Event: 12.621 loading class org/apache/catalina/LifecycleEvent
Event: 12.621 loading class org/apache/catalina/LifecycleEvent done


Dynamic libraries:
0x00007ff636b30000 - 0x00007ff636b67000 	R:\Programming\jdk1.8.0_151\bin\java.exe
0x00007ff9a6740000 - 0x00007ff9a6930000 	C:\WINDOWS\SYSTEM32\ntdll.dll
0x00007ff9a5f30000 - 0x00007ff9a5fe2000 	C:\WINDOWS\System32\KERNEL32.DLL
0x00007ff9a36c0000 - 0x00007ff9a3964000 	C:\WINDOWS\System32\KERNELBASE.dll
0x00007ff9a5680000 - 0x00007ff9a5723000 	C:\WINDOWS\System32\ADVAPI32.dll
0x00007ff9a47f0000 - 0x00007ff9a488e000 	C:\WINDOWS\System32\msvcrt.dll
0x00007ff9a4aa0000 - 0x00007ff9a4b37000 	C:\WINDOWS\System32\sechost.dll
0x00007ff9a5c30000 - 0x00007ff9a5d50000 	C:\WINDOWS\System32\RPCRT4.dll
0x00007ff9a5ff0000 - 0x00007ff9a6184000 	C:\WINDOWS\System32\USER32.dll
0x00007ff9a3ba0000 - 0x00007ff9a3bc1000 	C:\WINDOWS\System32\win32u.dll
0x00007ff9a4e90000 - 0x00007ff9a4eb6000 	C:\WINDOWS\System32\GDI32.dll
0x00007ff9a44e0000 - 0x00007ff9a4676000 	C:\WINDOWS\System32\gdi32full.dll
0x00007ff9a4750000 - 0x00007ff9a47ee000 	C:\WINDOWS\System32\msvcp_win.dll
0x00007ff9a3bd0000 - 0x00007ff9a3cca000 	C:\WINDOWS\System32\ucrtbase.dll
0x00007ff9957d0000 - 0x00007ff995a54000 	C:\WINDOWS\WinSxS\amd64_microsoft.windows.common-controls_6595b64144ccf1df_6.0.18362.959_none_e6c7bbbf130c62bb\COMCTL32.dll
0x00007ff9a63a0000 - 0x00007ff9a66d5000 	C:\WINDOWS\System32\combase.dll
0x00007ff9a4460000 - 0x00007ff9a44e0000 	C:\WINDOWS\System32\bcryptPrimitives.dll
0x00007ff9a5f00000 - 0x00007ff9a5f2e000 	C:\WINDOWS\System32\IMM32.DLL
0x00000000505f0000 - 0x00000000506c2000 	R:\Programming\jdk1.8.0_151\jre\bin\msvcr100.dll
0x0000000077070000 - 0x000000007790d000 	R:\Programming\jdk1.8.0_151\jre\bin\server\jvm.dll
0x00007ff9a5ef0000 - 0x00007ff9a5ef8000 	C:\WINDOWS\System32\PSAPI.DLL
0x00007ff992240000 - 0x00007ff992249000 	C:\WINDOWS\SYSTEM32\WSOCK32.dll
0x00007ff9a4e20000 - 0x00007ff9a4e8f000 	C:\WINDOWS\System32\WS2_32.dll
0x00007ff99f6a0000 - 0x00007ff99f6c4000 	C:\WINDOWS\SYSTEM32\WINMM.dll
0x00007ff99bea0000 - 0x00007ff99beaa000 	C:\WINDOWS\SYSTEM32\VERSION.dll
0x00007ff99f670000 - 0x00007ff99f69d000 	C:\WINDOWS\SYSTEM32\WINMMBASE.dll
0x00007ff9a3b50000 - 0x00007ff9a3b9a000 	C:\WINDOWS\System32\cfgmgr32.dll
0x0000000051130000 - 0x000000005113f000 	R:\Programming\jdk1.8.0_151\jre\bin\verify.dll
0x0000000051100000 - 0x0000000051129000 	R:\Programming\jdk1.8.0_151\jre\bin\java.dll
0x0000000050e30000 - 0x0000000050e53000 	R:\Programming\jdk1.8.0_151\jre\bin\instrument.dll
0x00000000510e0000 - 0x00000000510f6000 	R:\Programming\jdk1.8.0_151\jre\bin\zip.dll
0x00007ff9a4ec0000 - 0x00007ff9a55a6000 	C:\WINDOWS\System32\SHELL32.dll
0x00007ff9a4d70000 - 0x00007ff9a4e19000 	C:\WINDOWS\System32\shcore.dll
0x00007ff9a3cd0000 - 0x00007ff9a4452000 	C:\WINDOWS\System32\windows.storage.dll
0x00007ff9a3670000 - 0x00007ff9a3693000 	C:\WINDOWS\System32\profapi.dll
0x00007ff9a3620000 - 0x00007ff9a366a000 	C:\WINDOWS\System32\powrprof.dll
0x00007ff9a35f0000 - 0x00007ff9a3600000 	C:\WINDOWS\System32\UMPDC.dll
0x00007ff9a48a0000 - 0x00007ff9a48f2000 	C:\WINDOWS\System32\shlwapi.dll
0x00007ff9a36a0000 - 0x00007ff9a36b1000 	C:\WINDOWS\System32\kernel.appcore.dll
0x00007ff9a4730000 - 0x00007ff9a4747000 	C:\WINDOWS\System32\cryptsp.dll
0x00007ff99c800000 - 0x00007ff99c81a000 	Z:\tool\IntelliJ IDEA Community Edition 2020.1.2\bin\breakgen64.dll
0x0000000050e10000 - 0x0000000050e2a000 	R:\Programming\jdk1.8.0_151\jre\bin\net.dll
0x00007ff9a2e60000 - 0x00007ff9a2ec7000 	C:\WINDOWS\system32\mswsock.dll
0x00007ff9a2b70000 - 0x00007ff9a2baa000 	C:\WINDOWS\SYSTEM32\IPHLPAPI.DLL
0x00007ff9a4890000 - 0x00007ff9a4898000 	C:\WINDOWS\System32\NSI.dll
0x00007ff99bca0000 - 0x00007ff99bcb6000 	C:\WINDOWS\SYSTEM32\dhcpcsvc6.DLL
0x00007ff99bb80000 - 0x00007ff99bb9c000 	C:\WINDOWS\SYSTEM32\dhcpcsvc.DLL
0x00007ff9a2bb0000 - 0x00007ff9a2c7b000 	C:\WINDOWS\SYSTEM32\DNSAPI.dll
0x00007ff996680000 - 0x00007ff99668a000 	C:\Windows\System32\rasadhlp.dll
0x00007ff998a40000 - 0x00007ff998ab7000 	C:\WINDOWS\System32\fwpuclnt.dll
0x00007ff9a3970000 - 0x00007ff9a3996000 	C:\WINDOWS\System32\bcrypt.dll
0x00000000510d0000 - 0x00000000510dd000 	R:\Programming\jdk1.8.0_151\jre\bin\management.dll
0x00007ff990730000 - 0x00007ff990746000 	C:\WINDOWS\system32\napinsp.dll
0x00007ff990710000 - 0x00007ff99072a000 	C:\WINDOWS\system32\pnrpnsp.dll
0x00007ff990700000 - 0x00007ff99070e000 	C:\WINDOWS\System32\winrnr.dll
0x00007ff99f7c0000 - 0x00007ff99f7dc000 	C:\WINDOWS\system32\NLAapi.dll
0x00007ff990530000 - 0x00007ff990545000 	C:\WINDOWS\system32\wshbth.dll
0x00007ff9a29d0000 - 0x00007ff9a2a03000 	C:\WINDOWS\system32\rsaenh.dll
0x00007ff9a3510000 - 0x00007ff9a3535000 	C:\WINDOWS\SYSTEM32\USERENV.dll
0x00007ff9a3030000 - 0x00007ff9a303c000 	C:\WINDOWS\SYSTEM32\CRYPTBASE.dll
0x0000000050df0000 - 0x0000000050e01000 	R:\Programming\jdk1.8.0_151\jre\bin\nio.dll
0x0000000050dc0000 - 0x0000000050de4000 	R:\Programming\jdk1.8.0_151\jre\bin\sunec.dll
0x0000000050db0000 - 0x0000000050dbb000 	R:\Programming\jdk1.8.0_151\jre\bin\sunmscapi.dll
0x00007ff9a3a00000 - 0x00007ff9a3b49000 	C:\WINDOWS\System32\CRYPT32.dll
0x00007ff9a3600000 - 0x00007ff9a3612000 	C:\WINDOWS\System32\MSASN1.dll

VM Arguments:
jvm_args: -javaagent:Z:\tool\IntelliJ IDEA Community Edition 2020.1.2\lib\idea_rt.jar=63046:Z:\tool\IntelliJ IDEA Community Edition 2020.1.2\bin -Dfile.encoding=UTF-8 
java_command: io.renren.RenrenApplication
java_class_path (initial): R:\Programming\jdk1.8.0_151\jre\lib\charsets.jar;R:\Programming\jdk1.8.0_151\jre\lib\deploy.jar;R:\Programming\jdk1.8.0_151\jre\lib\ext\access-bridge-64.jar;R:\Programming\jdk1.8.0_151\jre\lib\ext\cldrdata.jar;R:\Programming\jdk1.8.0_151\jre\lib\ext\dnsns.jar;R:\Programming\jdk1.8.0_151\jre\lib\ext\jaccess.jar;R:\Programming\jdk1.8.0_151\jre\lib\ext\jfxrt.jar;R:\Programming\jdk1.8.0_151\jre\lib\ext\localedata.jar;R:\Programming\jdk1.8.0_151\jre\lib\ext\nashorn.jar;R:\Programming\jdk1.8.0_151\jre\lib\ext\sunec.jar;R:\Programming\jdk1.8.0_151\jre\lib\ext\sunjce_provider.jar;R:\Programming\jdk1.8.0_151\jre\lib\ext\sunmscapi.jar;R:\Programming\jdk1.8.0_151\jre\lib\ext\sunpkcs11.jar;R:\Programming\jdk1.8.0_151\jre\lib\ext\zipfs.jar;R:\Programming\jdk1.8.0_151\jre\lib\javaws.jar;R:\Programming\jdk1.8.0_151\jre\lib\jce.jar;R:\Programming\jdk1.8.0_151\jre\lib\jfr.jar;R:\Programming\jdk1.8.0_151\jre\lib\jfxswt.jar;R:\Programming\jdk1.8.0_151\jre\lib\jsse.jar;R:\Programming\jdk1.8.0_151\jre\lib\management-agent.jar;R:\Programming\jdk1.8.0_151\jre\lib\plugin.jar;R:\Programming\jdk1.8.0_151\jre\lib\resources.jar;R:\Programming\jdk1.8.0_151\jre\lib\rt.jar;Z:\tool\mall\renren-fast\target\classes;Z:\tool\mall\mall-common\target\classes;Y:\hw\apache-maven-3.6.3\repository\org\apache\httpcomponents\httpcore\4.4.13\httpcore-4.4.13.jar;Y:\hw\apache-maven-3.6.3\repository\com\alibaba\cloud\spring-cloud-starter-alibaba-nacos-config\2.2.1.RELEASE\spring-cloud-starter-alibaba-nacos-config-2.2.1.RELEASE.jar;Y:\hw\apache-maven-3.6.3\repository\com\alibaba\spring\spring-context-support\1.0.6\spring-context-support-1.0.6.jar;Y:\hw\apache-maven-3.6.3\repository\com\alibaba\nacos\nacos-client\1.2.1\nacos-client-1.2.1.jar;Y:\hw\apache-maven-3.6.3\repository\com\alibaba\nacos\nacos-common\1.2.1\nacos-common-1.2.1.jar;Y:\hw\apache-maven-3.6.3\repository\org\apache\commons\commons-lang3\3.9\commons-lang3-3.9.jar;Y:\hw\apache-maven-3.6.3\repository\com\alibaba\nacos\naco
Launcher Type: SUN_STANDARD

Environment Variables:
JAVA_HOME=R:\Programming\jdk1.8.0_151
CLASSPATH=.;R:\Programming\jdk1.8.0_151\lib\dt.jar;R:\Programming\jdk1.8.0_151\lib\tools.jar;
PATH=C:\Python38\Scripts\;C:\Python38\;Y:\hw\apache-maven-3.6.3\bin;Y:\Oculus\Support\oculus-runtime;R:\Python\Scripts\;R:\Python\;C:\Program Files (x86)\Intel\iCLS Client\;C:\Program Files\Intel\iCLS Client\;C:\ProgramData\Oracle\Java\javapath;R:\Programming\jdk1.8.0_151\bin;R:\Programming\jdk1.8.0_151\jre\bin;C:\WINDOWS\system32;C:\WINDOWS;C:\WINDOWS\System32\Wbem;C:\WINDOWS\System32\WindowsPowerShell\v1.0\;C:\WINDOWS\System32\OpenSSH\;C:\Program Files (x86)\Intel\Intel(R) Management Engine Components\DAL;C:\Program Files\Intel\Intel(R) Management Engine Components\DAL;C:\Program Files (x86)\Intel\Intel(R) Management Engine Components\IPT;C:\Program Files\Intel\Intel(R) Management Engine Components\IPT;C:\Program Files\Intel\WiFi\bin\;C:\Program Files\Common Files\Intel\WirelessCommon\;Y:\hw\2017\putty\;Y:\hw\3296\Git\cmd;R:\Python\python3.exe;C:\Program Files\dotnet\;C:\ProgramData\chocolatey\bin;Z:\tool\node.js\;C:\Program Files\MySQL\MySQL Server 8.0\bin;R:\Programming\jdk1.8.0_151\bin;Y:\Microsoft VS Code\bin;C:\Program Files (x86)\Nmap;C:\Users\Junxiang Wen\.dotnet\tools;Y:\hw\apache-maven-3.6.3\bin;C:\Users\Junxiang Wen\AppData\Roaming\npm
USERNAME=Junxiang Wen
OS=Windows_NT
PROCESSOR_IDENTIFIER=Intel64 Family 6 Model 158 Stepping 9, GenuineIntel



---------------  S Y S T E M  ---------------

OS: Windows 10.0 , 64 bit Build 18362 (10.0.18362.959)

CPU:total 4 (initial active 4) (4 cores per cpu, 1 threads per core) family 6 model 158 stepping 9, cmov, cx8, fxsr, mmx, sse, sse2, sse3, ssse3, sse4.1, sse4.2, popcnt, avx, avx2, aes, clmul, erms, 3dnowpref, lzcnt, tsc, tscinvbit, bmi1, bmi2, adx

Memory: 4k page, physical 16639336k(470712k free), swap 26600808k(5304k free)

vm_info: Java HotSpot(TM) 64-Bit Server VM (25.151-b12) for windows-amd64 JRE (1.8.0_151-b12), built on Sep  5 2017 19:33:46 by "java_re" with MS VC++ 10.0 (VS2010)

time: Sun Aug 02 13:25:27 2020
elapsed time: 12 seconds (0d 0h 0m 12s)

